-------------------------------------------------------------------------------
Test set: com.example.demo.ShoppingApplicationTests
-------------------------------------------------------------------------------
Tests run: 1, Failures: 0, Errors: 1, Skipped: 0, Time elapsed: 1.112 s <<< FAILURE! - in com.example.demo.ShoppingApplicationTests
initializationError(com.example.demo.ShoppingApplicationTests)  Time elapsed: 0.039 s  <<< ERROR!
java.lang.IllegalStateException: Unable to find a @SpringBootConfiguration, you need to use @ContextConfiguration or @SpringBootTest(classes=...) with your test

