-------------------------------------------------------------------------------
Test set: com.covid19shop.demo.ShoppingApplicationTests
-------------------------------------------------------------------------------
Tests run: 1, Failures: 0, Errors: 1, Skipped: 0, Time elapsed: 0.921 s <<< FAILURE! - in com.covid19shop.demo.ShoppingApplicationTests
initializationError(com.covid19shop.demo.ShoppingApplicationTests)  Time elapsed: 0.004 s  <<< ERROR!
java.lang.IllegalStateException: Unable to find a @SpringBootConfiguration, you need to use @ContextConfiguration or @SpringBootTest(classes=...) with your test

